<?xml version="1.0" encoding="UTF-8"?>
<!-- Generated by org.testng.reporters.JUnitReportReporter -->
<testsuite skipped="0" hostname="Clinton-PC" name="testcases.LoginTest" tests="1" failures="0" timestamp="2020-06-07T20:49:35 IST" time="1.318" errors="0">
  <testcase name="LoginAsBankManager" time="1.318" classname="testcases.LoginTest"/>
</testsuite> <!-- testcases.LoginTest -->
