<?xml version="1.0" encoding="UTF-8"?>
<!-- Generated by org.testng.reporters.JUnitReportReporter -->
<testsuite skipped="0" hostname="Clinton-PC" name="testcases.LoginTest" tests="1" failures="0" timestamp="2020-05-24T18:08:51 IST" time="1.203" errors="0">
  <testcase name="LoginAsBankManager" time="1.203" classname="testcases.LoginTest"/>
</testsuite> <!-- testcases.LoginTest -->
