<?xml version="1.0" encoding="UTF-8"?>
<!-- Generated by org.testng.reporters.JUnitReportReporter -->
<testsuite skipped="0" hostname="Clinton-PC" name="testcases.AddCustomerTest" tests="3" failures="0" timestamp="2020-06-07T20:49:35 IST" time="8.364" errors="0">
  <testcase name="addCustomers" time="3.668" classname="testcases.AddCustomerTest"/>
  <testcase name="addCustomers" time="2.369" classname="testcases.AddCustomerTest"/>
  <testcase name="addCustomers" time="2.327" classname="testcases.AddCustomerTest"/>
</testsuite> <!-- testcases.AddCustomerTest -->
