<?xml version="1.0" encoding="UTF-8"?>
<!-- Generated by org.testng.reporters.JUnitReportReporter -->
<testsuite skipped="0" hostname="Clinton-PC" name="testcases.AddCustomerTest" tests="1" failures="0" timestamp="2020-05-24T18:08:51 IST" time="2.327" errors="0">
  <testcase name="addCustomer" time="2.327" classname="testcases.AddCustomerTest"/>
</testsuite> <!-- testcases.AddCustomerTest -->
