<?xml version="1.0" encoding="UTF-8"?>
<!-- Generated by org.testng.reporters.JUnitReportReporter -->
<testsuite skipped="0" hostname="Clinton-PC" name="testcases.AddCustomerTest" tests="3" failures="0" timestamp="2020-07-05T21:27:03 IST" time="9.190" errors="0">
  <testcase name="AddCustomers" time="2.662" classname="testcases.AddCustomerTest"/>
  <testcase name="AddCustomers" time="3.955" classname="testcases.AddCustomerTest"/>
  <testcase name="AddCustomers" time="2.573" classname="testcases.AddCustomerTest"/>
</testsuite> <!-- testcases.AddCustomerTest -->
