<?xml version="1.0" encoding="UTF-8"?>
<!-- Generated by org.testng.reporters.JUnitReportReporter -->
<testsuite skipped="0" hostname="Clinton-PC" name="testcases.AddCustomerTest" tests="3" failures="0" timestamp="2020-07-06T08:34:08 IST" time="7.971" errors="0">
  <testcase name="AddCustomers" time="2.444" classname="testcases.AddCustomerTest"/>
  <testcase name="AddCustomers" time="3.122" classname="testcases.AddCustomerTest"/>
  <testcase name="AddCustomers" time="2.405" classname="testcases.AddCustomerTest"/>
</testsuite> <!-- testcases.AddCustomerTest -->
