<?xml version="1.0" encoding="UTF-8"?>
<!-- Generated by org.testng.reporters.JUnitReportReporter -->
<testsuite skipped="0" hostname="Clinton-PC" name="testcases.LoginTest" tests="1" failures="0" timestamp="2020-07-05T21:27:03 IST" time="0.627" errors="0">
  <testcase name="LoginAsBankManager" time="0.627" classname="testcases.LoginTest"/>
</testsuite> <!-- testcases.LoginTest -->
